<?xml version="1.0" encoding="UTF-8" ?>
<testsuite tests="15" failures="1" name="pageTests.LoginTest" time="36.721" errors="0" skipped="0">
  <properties>
[...]
</properties>
  <testcase classname="pageTests.LoginTest" name="negativeLoginTestAll" time="3.535"/>
  <testcase classname="pageTests.LoginTest" name="negativeLoginTestAll" time="1.582"/>
  <testcase classname="pageTests.LoginTest" name="negativeLoginTestAll" time="1.727"/>
  <testcase classname="pageTests.LoginTest" name="negativeLoginTestAll" time="1.814"/>
  <testcase classname="pageTests.LoginTest" name="negativeLoginTestAll" time="1.673"/>
  <testcase classname="pageTests.LoginTest" name="negativeLoginTestAll" time="1.56"/>
  <testcase classname="pageTests.LoginTest" name="negativeLoginTestPassword" time="1.488"/>
  <testcase classname="pageTests.LoginTest" name="negativeLoginTestPassword" time="1.889"/>
  <testcase classname="pageTests.LoginTest" name="negativeLoginTestPassword" time="1.588"/>
  <testcase classname="pageTests.LoginTest" name="negativeLoginTestPassword" time="1.604"/>
  <testcase classname="pageTests.LoginTest" name="negativeLoginTestUserName" time="1.695"/>
  <testcase classname="pageTests.LoginTest" name="negativeLoginTestUserName" time="1.621"/>
  <testcase classname="pageTests.LoginTest" name="negativeLoginTestUserName" time="1.633"/>
  <testcase classname="pageTests.LoginTest" name="negativeLoginTestUserName" time="1.644"/>
  <testcase classname="pageTests.LoginTest" name="positiveTestLogin" time="11.668">
    <failure message="no such element: Unable to locate element: {&quot;method&quot;:&quot;css selector&quot;,&quot;selector&quot;:&quot;#username&quot;}
  (Session info: chrome=92.0.4515.159)
For documentation on this error, please visit: https://www.seleniumhq.org/exceptions/no_such_element.html
Build info: version: &apos;3.141.59&apos;, revision: &apos;e82be7d358&apos;, time: &apos;2018-11-14T08:17:03&apos;
System info: host: &apos;LAPTOP-L8FDBCTT&apos;, ip: &apos;192.168.43.148&apos;, os.name: &apos;Windows 10&apos;, os.arch: &apos;amd64&apos;, os.version: &apos;10.0&apos;, java.version: &apos;1.8.0_231&apos;
Driver info: org.openqa.selenium.chrome.ChromeDriver
Capabilities {acceptInsecureCerts: false, browserName: chrome, browserVersion: 92.0.4515.159, chrome: {chromedriverVersion: 92.0.4515.107 (87a818b10553..., userDataDir: C:\Users\AYTEN-~1\AppData\L...}, goog:chromeOptions: {debuggerAddress: localhost:50679}, javascriptEnabled: true, networkConnectionEnabled: false, pageLoadStrategy: normal, platform: WINDOWS, platformName: WINDOWS, proxy: Proxy(), setWindowRect: true, strictFileInteractability: false, timeouts: {implicit: 0, pageLoad: 300000, script: 30000}, unhandledPromptBehavior: dismiss and notify, webauthn:extension:credBlob: true, webauthn:extension:largeBlob: true, webauthn:virtualAuthenticators: true}
Session ID: d1d5b79f893a5b18d9870101192dddb3
*** Element info: {Using=id, value=username}" type="org.openqa.selenium.NoSuchElementException">org.openqa.selenium.NoSuchElementException: no such element: Unable to locate element: {&quot;method&quot;:&quot;css selector&quot;,&quot;selector&quot;:&quot;#username&quot;}
  (Session info: chrome=92.0.4515.159)
For documentation on this error, please visit: https://www.seleniumhq.org/exceptions/no_such_element.html
Build info: version: &apos;3.141.59&apos;, revision: &apos;e82be7d358&apos;, time: &apos;2018-11-14T08:17:03&apos;
System info: host: &apos;LAPTOP-L8FDBCTT&apos;, ip: &apos;192.168.43.148&apos;, os.name: &apos;Windows 10&apos;, os.arch: &apos;amd64&apos;, os.version: &apos;10.0&apos;, java.version: &apos;1.8.0_231&apos;
Driver info: org.openqa.selenium.chrome.ChromeDriver
Capabilities {acceptInsecureCerts: false, browserName: chrome, browserVersion: 92.0.4515.159, chrome: {chromedriverVersion: 92.0.4515.107 (87a818b10553..., userDataDir: C:\Users\AYTEN-~1\AppData\L...}, goog:chromeOptions: {debuggerAddress: localhost:50679}, javascriptEnabled: true, networkConnectionEnabled: false, pageLoadStrategy: normal, platform: WINDOWS, platformName: WINDOWS, proxy: Proxy(), setWindowRect: true, strictFileInteractability: false, timeouts: {implicit: 0, pageLoad: 300000, script: 30000}, unhandledPromptBehavior: dismiss and notify, webauthn:extension:credBlob: true, webauthn:extension:largeBlob: true, webauthn:virtualAuthenticators: true}
Session ID: d1d5b79f893a5b18d9870101192dddb3
*** Element info: {Using=id, value=username}
	at sun.reflect.NativeConstructorAccessorImpl.newInstance0(Native Method)
	at sun.reflect.NativeConstructorAccessorImpl.newInstance(NativeConstructorAccessorImpl.java:62)
	at sun.reflect.DelegatingConstructorAccessorImpl.newInstance(DelegatingConstructorAccessorImpl.java:45)
	at java.lang.reflect.Constructor.newInstance(Constructor.java:423)
	at org.openqa.selenium.remote.http.W3CHttpResponseCodec.createException(W3CHttpResponseCodec.java:187)
	at org.openqa.selenium.remote.http.W3CHttpResponseCodec.decode(W3CHttpResponseCodec.java:122)
	at org.openqa.selenium.remote.http.W3CHttpResponseCodec.decode(W3CHttpResponseCodec.java:49)
	at org.openqa.selenium.remote.HttpCommandExecutor.execute(HttpCommandExecutor.java:158)
	at org.openqa.selenium.remote.service.DriverCommandExecutor.execute(DriverCommandExecutor.java:83)
	at org.openqa.selenium.remote.RemoteWebDriver.execute(RemoteWebDriver.java:552)
	at org.openqa.selenium.remote.RemoteWebDriver.findElement(RemoteWebDriver.java:323)
	at org.openqa.selenium.remote.RemoteWebDriver.findElementById(RemoteWebDriver.java:372)
	at org.openqa.selenium.By$ById.findElement(By.java:188)
	at org.openqa.selenium.remote.RemoteWebDriver.findElement(RemoteWebDriver.java:315)
	at org.openqa.selenium.support.pagefactory.DefaultElementLocator.findElement(DefaultElementLocator.java:69)
	at org.openqa.selenium.support.pagefactory.internal.LocatingElementHandler.invoke(LocatingElementHandler.java:38)
	at com.sun.proxy.$Proxy9.sendKeys(Unknown Source)
	at pages.LoginPage.login(LoginPage.java:43)
	at pageTests.LoginTest.positiveTestLogin(LoginTest.java:33)
</failure>
  </testcase>
</testsuite>